Using pre-set license
Built from '2020.3/staging' branch; Version is '2020.3.18f1 (a7d1c678663c) revision 10998214'; Using compiler version '192528614'; Build Type 'Release'
OS: 'Windows 10 Pro; OS build 19043.1288; Version 2009; 64bit' Language: 'pt' Physical Memory: 8104 MB
BatchMode: 1, IsHumanControllingUs: 0, StartBugReporterOnCrash: 0, Is64bit: 1, IsPro: 0

COMMAND LINE ARGUMENTS:
C:\Program Files\Unity\Hub\Editor\2020.3.18f1\Editor\Unity.exe
-adb2
-batchMode
-noUpm
-name
AssetImportWorker0
-projectPath
E:/Projetos/Unity/MechaProjectScene/New Unity Project
-logFile
Logs/AssetImportWorker0.log
-srvPort
52176
Successfully changed project path to: E:/Projetos/Unity/MechaProjectScene/New Unity Project
E:/Projetos/Unity/MechaProjectScene/New Unity Project
Using Asset Import Pipeline V2.
Refreshing native plugins compatible for Editor in 29.96 ms, found 2 plugins.
Preloading 0 native plugins for Editor in 0.00 ms.
Initialize engine version: 2020.3.18f1 (a7d1c678663c)
[Subsystems] Discovering subsystems at path C:/Program Files/Unity/Hub/Editor/2020.3.18f1/Editor/Data/Resources/UnitySubsystems
[Subsystems] Discovering subsystems at path E:/Projetos/Unity/MechaProjectScene/New Unity Project/Assets
GfxDevice: creating device client; threaded=0
Direct3D:
    Version:  Direct3D 11.0 [level 11.1]
    Renderer: NVIDIA GeForce GTX 1660 SUPER (ID=0x21c4)
    Vendor:   
    VRAM:     5991 MB
    Driver:   27.21.14.6140
Initialize mono
Mono path[0] = 'C:/Program Files/Unity/Hub/Editor/2020.3.18f1/Editor/Data/Managed'
Mono path[1] = 'C:/Program Files/Unity/Hub/Editor/2020.3.18f1/Editor/Data/MonoBleedingEdge/lib/mono/unityjit'
Mono config path = 'C:/Program Files/Unity/Hub/Editor/2020.3.18f1/Editor/Data/MonoBleedingEdge/etc'
Using monoOptions --debugger-agent=transport=dt_socket,embedding=1,server=y,suspend=n,address=127.0.0.1:56232
Begin MonoManager ReloadAssembly
Registering precompiled unity dll's ...
Register platform support module: C:/Program Files/Unity/Hub/Editor/2020.3.18f1/Editor/Data/PlaybackEngines/WindowsStandaloneSupport/UnityEditor.WindowsStandalone.Extensions.dll
Registered in 0.002173 seconds.
Native extension for WindowsStandalone target not found
Refreshing native plugins compatible for Editor in 27.96 ms, found 2 plugins.
Preloading 0 native plugins for Editor in 0.00 ms.
Mono: successfully reloaded assembly
- Completed reload, in  1.084 seconds
Domain Reload Profiling:
	ReloadAssembly (1084ms)
		BeginReloadAssembly (54ms)
			ExecutionOrderSort (0ms)
			DisableScriptedObjects (0ms)
			BackupInstance (0ms)
			ReleaseScriptingObjects (0ms)
			CreateAndSetChildDomain (1ms)
		EndReloadAssembly (396ms)
			LoadAssemblies (52ms)
			RebuildTransferFunctionScriptingTraits (0ms)
			SetupTypeCache (148ms)
			ReleaseScriptCaches (0ms)
			RebuildScriptCaches (30ms)
			SetupLoadedEditorAssemblies (149ms)
				LogAssemblyErrors (0ms)
				InitializePlatformSupportModulesInManaged (4ms)
				SetLoadedEditorAssemblies (0ms)
				RefreshPlugins (28ms)
				BeforeProcessingInitializeOnLoad (16ms)
				ProcessInitializeOnLoadAttributes (74ms)
				ProcessInitializeOnLoadMethodAttributes (27ms)
				AfterProcessingInitializeOnLoad (0ms)
				EditorAssembliesLoaded (0ms)
			ExecutionOrderSort2 (0ms)
			AwakeInstancesAfterBackupRestoration (0ms)
Platform modules already initialized, skipping
Registering precompiled user dll's ...
Registered in 0.002649 seconds.
Begin MonoManager ReloadAssembly
Native extension for WindowsStandalone target not found
Refreshing native plugins compatible for Editor in 0.30 ms, found 2 plugins.
Preloading 0 native plugins for Editor in 0.00 ms.
Mono: successfully reloaded assembly
- Completed reload, in  0.978 seconds
Domain Reload Profiling:
	ReloadAssembly (979ms)
		BeginReloadAssembly (143ms)
			ExecutionOrderSort (0ms)
			DisableScriptedObjects (4ms)
			BackupInstance (0ms)
			ReleaseScriptingObjects (0ms)
			CreateAndSetChildDomain (18ms)
		EndReloadAssembly (776ms)
			LoadAssemblies (87ms)
			RebuildTransferFunctionScriptingTraits (0ms)
			SetupTypeCache (261ms)
			ReleaseScriptCaches (0ms)
			RebuildScriptCaches (40ms)
			SetupLoadedEditorAssemblies (300ms)
				LogAssemblyErrors (0ms)
				InitializePlatformSupportModulesInManaged (5ms)
				SetLoadedEditorAssemblies (0ms)
				RefreshPlugins (0ms)
				BeforeProcessingInitializeOnLoad (85ms)
				ProcessInitializeOnLoadAttributes (198ms)
				ProcessInitializeOnLoadMethodAttributes (4ms)
				AfterProcessingInitializeOnLoad (7ms)
				EditorAssembliesLoaded (0ms)
			ExecutionOrderSort2 (0ms)
			AwakeInstancesAfterBackupRestoration (7ms)
Platform modules already initialized, skipping
========================================================================
Worker process is ready to serve import requests
Launched and connected shader compiler UnityShaderCompiler.exe after 0.14 seconds
Refreshing native plugins compatible for Editor in 0.30 ms, found 2 plugins.
Preloading 0 native plugins for Editor in 0.00 ms.
Unloading 1396 Unused Serialized files (Serialized files now loaded: 0)
System memory in use before: 64.9 MB.
System memory in use after: 64.9 MB.

Unloading 16 unused Assets to reduce memory usage. Loaded Objects now: 1831.
Total: 2.624600 ms (FindLiveObjects: 0.133600 ms CreateObjectMapping: 0.037500 ms MarkObjects: 2.399200 ms  DeleteObjects: 0.053200 ms)

AssetImportParameters requested are different than current active one (requested -> active):
  custom:framework-win-MediaFoundation: 216162199b28c13a410421893ffa2e32 -> 
  custom:video-decoder-ogg-theora: a1e56fd34408186e4bbccfd4996cb3dc -> 
  custom:container-muxer-webm: aa71ff27fc2769a1b78a27578f13a17b -> 
  custom:container-demuxer-webm: 4f35f7cbe854078d1ac9338744f61a02 -> 
  custom:container-demuxer-ogg: 62fdf1f143b41e24485cea50d1cbac27 -> 
  custom:video-encoder-webm-vp8: eb34c28f22e8b96e1ab97ce403110664 -> 
  custom:video-decoder-webm-vp8: 9c59270c3fd7afecdb556c50c9e8de78 -> 
  custom:audio-decoder-ogg-vorbis: bf7c407c2cedff20999df2af8eb42d56 -> 
  custom:audio-encoder-webm-vorbis: bf7c407c2cedff20999df2af8eb42d56 -> 
========================================================================
Received Import Request.
  path: Assets/Models/Texture/Texel Density.mat
  artifactKey: Guid(85f4c5d5ef7db7a44a21407545fd1ac6) Importer(815301076,1909f56bfc062723c751e8b465ee728b)
Start importing Assets/Models/Texture/Texel Density.mat using Guid(85f4c5d5ef7db7a44a21407545fd1ac6) Importer(815301076,1909f56bfc062723c751e8b465ee728b)  -> (artifact id: 'b588807fba0f83ebff4772e8234307bd') in 0.107689 seconds 
  Import took 0.130058 seconds .

========================================================================
Received Import Request.
  Time since last request: 1745.807214 seconds.
  path: Assets/Models/Props/obj_P0002_a (1).prefab
  artifactKey: Guid(82229c531f2090a4f907166a10e0e09d) Importer(815301076,1909f56bfc062723c751e8b465ee728b)
Start importing Assets/Models/Props/obj_P0002_a (1).prefab using Guid(82229c531f2090a4f907166a10e0e09d) Importer(815301076,1909f56bfc062723c751e8b465ee728b)  -> (artifact id: '5c0c3022ad3e79e28cad93f9eae8aa10') in 0.055610 seconds 
  Import took 0.068314 seconds .

========================================================================
Received Import Request.
  Time since last request: 712.248380 seconds.
  path: Assets/Models/Props/Canos.prefab
  artifactKey: Guid(a570142079446514497bf6b61b3e5120) Importer(815301076,1909f56bfc062723c751e8b465ee728b)
Start importing Assets/Models/Props/Canos.prefab using Guid(a570142079446514497bf6b61b3e5120) Importer(815301076,1909f56bfc062723c751e8b465ee728b)  -> (artifact id: '024d7d1c85c8d5bc63312a90ee545cdc') in 0.022918 seconds 
  Import took 0.042757 seconds .

========================================================================
Received Import Request.
  Time since last request: 81.209933 seconds.
  path: Assets/Models/Props/Canos.prefab
  artifactKey: Guid(a570142079446514497bf6b61b3e5120) Importer(815301076,1909f56bfc062723c751e8b465ee728b)
Start importing Assets/Models/Props/Canos.prefab using Guid(a570142079446514497bf6b61b3e5120) Importer(815301076,1909f56bfc062723c751e8b465ee728b)  -> (artifact id: 'da91ed4fda819d4bb166adefdc3f3d6d') in 0.020377 seconds 
  Import took 0.029619 seconds .

========================================================================
Received Import Request.
  Time since last request: 2.767705 seconds.
  path: Assets/Models/Props/Canos.prefab
  artifactKey: Guid(a570142079446514497bf6b61b3e5120) Importer(815301076,1909f56bfc062723c751e8b465ee728b)
Start importing Assets/Models/Props/Canos.prefab using Guid(a570142079446514497bf6b61b3e5120) Importer(815301076,1909f56bfc062723c751e8b465ee728b)  -> (artifact id: 'be83cf5dbb48c04da6068ffd934e339a') in 0.016637 seconds 
  Import took 0.024603 seconds .

========================================================================
Received Import Request.
  Time since last request: 46.334867 seconds.
  path: Assets/Models/Props/Canos.prefab
  artifactKey: Guid(a570142079446514497bf6b61b3e5120) Importer(815301076,1909f56bfc062723c751e8b465ee728b)
Start importing Assets/Models/Props/Canos.prefab using Guid(a570142079446514497bf6b61b3e5120) Importer(815301076,1909f56bfc062723c751e8b465ee728b)  -> (artifact id: 'bb2e80edee669bbd3bb23d9cd294f030') in 0.025759 seconds 
  Import took 0.038233 seconds .

========================================================================
Received Import Request.
  Time since last request: 171.161278 seconds.
  path: Assets/Models/Props/Canos (3) Variant.prefab
  artifactKey: Guid(221fc01c4ece6ff4ba2141384bd28ea4) Importer(815301076,1909f56bfc062723c751e8b465ee728b)
Start importing Assets/Models/Props/Canos (3) Variant.prefab using Guid(221fc01c4ece6ff4ba2141384bd28ea4) Importer(815301076,1909f56bfc062723c751e8b465ee728b)  -> (artifact id: '6c60b37720980e55e9f7c56e190ae4d0') in 0.037970 seconds 
  Import took 0.045210 seconds .

========================================================================
Received Import Request.
  Time since last request: 19.233259 seconds.
  path: Assets/Models/Props/Canos (3) Variant.prefab
  artifactKey: Guid(221fc01c4ece6ff4ba2141384bd28ea4) Importer(815301076,1909f56bfc062723c751e8b465ee728b)
Start importing Assets/Models/Props/Canos (3) Variant.prefab using Guid(221fc01c4ece6ff4ba2141384bd28ea4) Importer(815301076,1909f56bfc062723c751e8b465ee728b)  -> (artifact id: 'db08ea429c57e9dd335302157cdb91e3') in 0.023259 seconds 
  Import took 0.027982 seconds .

========================================================================
Received Import Request.
  Time since last request: 0.000241 seconds.
  path: Assets/Models/Props/Canos.prefab
  artifactKey: Guid(a570142079446514497bf6b61b3e5120) Importer(815301076,1909f56bfc062723c751e8b465ee728b)
Start importing Assets/Models/Props/Canos.prefab using Guid(a570142079446514497bf6b61b3e5120) Importer(815301076,1909f56bfc062723c751e8b465ee728b)  -> (artifact id: '0bf24d0804f572b760c73529673e329f') in 0.020187 seconds 
  Import took 0.024457 seconds .

========================================================================
Received Import Request.
  Time since last request: 2.201028 seconds.
  path: Assets/Models/Props/Canos (3) Variant.prefab
  artifactKey: Guid(221fc01c4ece6ff4ba2141384bd28ea4) Importer(815301076,1909f56bfc062723c751e8b465ee728b)
Start importing Assets/Models/Props/Canos (3) Variant.prefab using Guid(221fc01c4ece6ff4ba2141384bd28ea4) Importer(815301076,1909f56bfc062723c751e8b465ee728b)  -> (artifact id: '9ac117e7392cc06b9f4e92c0ef21abaa') in 0.019895 seconds 
  Import took 0.022875 seconds .

========================================================================
Received Import Request.
  Time since last request: 0.000232 seconds.
  path: Assets/Models/Props/Canos.prefab
  artifactKey: Guid(a570142079446514497bf6b61b3e5120) Importer(815301076,1909f56bfc062723c751e8b465ee728b)
Start importing Assets/Models/Props/Canos.prefab using Guid(a570142079446514497bf6b61b3e5120) Importer(815301076,1909f56bfc062723c751e8b465ee728b)  -> (artifact id: '9ad2a20d59c18119c12e16ae7659bd28') in 0.019530 seconds 
  Import took 0.021859 seconds .

========================================================================
Received Import Request.
  Time since last request: 0.518927 seconds.
  path: Assets/Models/Props/Canos (3) Variant.prefab
  artifactKey: Guid(221fc01c4ece6ff4ba2141384bd28ea4) Importer(815301076,1909f56bfc062723c751e8b465ee728b)
Start importing Assets/Models/Props/Canos (3) Variant.prefab using Guid(221fc01c4ece6ff4ba2141384bd28ea4) Importer(815301076,1909f56bfc062723c751e8b465ee728b)  -> (artifact id: '23be62e60128da3533c771bb044668af') in 0.015033 seconds 
  Import took 0.018526 seconds .

========================================================================
Received Import Request.
  Time since last request: 0.000287 seconds.
  path: Assets/Models/Props/Canos.prefab
  artifactKey: Guid(a570142079446514497bf6b61b3e5120) Importer(815301076,1909f56bfc062723c751e8b465ee728b)
Start importing Assets/Models/Props/Canos.prefab using Guid(a570142079446514497bf6b61b3e5120) Importer(815301076,1909f56bfc062723c751e8b465ee728b)  -> (artifact id: 'c01112e407da3ff530df8940116bfd96') in 0.014566 seconds 
  Import took 0.017038 seconds .

========================================================================
Received Import Request.
  Time since last request: 0.553619 seconds.
  path: Assets/Models/Props/Canos (3) Variant.prefab
  artifactKey: Guid(221fc01c4ece6ff4ba2141384bd28ea4) Importer(815301076,1909f56bfc062723c751e8b465ee728b)
Start importing Assets/Models/Props/Canos (3) Variant.prefab using Guid(221fc01c4ece6ff4ba2141384bd28ea4) Importer(815301076,1909f56bfc062723c751e8b465ee728b)  -> (artifact id: 'd64c435a337de5984fd6f0586334ed8f') in 0.017625 seconds 
  Import took 0.022276 seconds .

========================================================================
Received Import Request.
  Time since last request: 0.000222 seconds.
  path: Assets/Models/Props/Canos.prefab
  artifactKey: Guid(a570142079446514497bf6b61b3e5120) Importer(815301076,1909f56bfc062723c751e8b465ee728b)
Start importing Assets/Models/Props/Canos.prefab using Guid(a570142079446514497bf6b61b3e5120) Importer(815301076,1909f56bfc062723c751e8b465ee728b)  -> (artifact id: '22b3c61db52387b33056869009c75c2e') in 0.017140 seconds 
  Import took 0.019642 seconds .

========================================================================
Received Import Request.
  Time since last request: 0.752660 seconds.
  path: Assets/Models/Props/Canos (3) Variant.prefab
  artifactKey: Guid(221fc01c4ece6ff4ba2141384bd28ea4) Importer(815301076,1909f56bfc062723c751e8b465ee728b)
Start importing Assets/Models/Props/Canos (3) Variant.prefab using Guid(221fc01c4ece6ff4ba2141384bd28ea4) Importer(815301076,1909f56bfc062723c751e8b465ee728b)  -> (artifact id: '2c1ca2faf8e62b663d8ea193b1c7e300') in 0.015527 seconds 
  Import took 0.018373 seconds .

========================================================================
Received Import Request.
  Time since last request: 0.000297 seconds.
  path: Assets/Models/Props/Canos.prefab
  artifactKey: Guid(a570142079446514497bf6b61b3e5120) Importer(815301076,1909f56bfc062723c751e8b465ee728b)
Start importing Assets/Models/Props/Canos.prefab using Guid(a570142079446514497bf6b61b3e5120) Importer(815301076,1909f56bfc062723c751e8b465ee728b)  -> (artifact id: '77c1bb38785cd9a1577693372c8c17d9') in 0.014344 seconds 
  Import took 0.017476 seconds .

========================================================================
Received Import Request.
  Time since last request: 0.596787 seconds.
  path: Assets/Models/Props/Canos (3) Variant.prefab
  artifactKey: Guid(221fc01c4ece6ff4ba2141384bd28ea4) Importer(815301076,1909f56bfc062723c751e8b465ee728b)
Start importing Assets/Models/Props/Canos (3) Variant.prefab using Guid(221fc01c4ece6ff4ba2141384bd28ea4) Importer(815301076,1909f56bfc062723c751e8b465ee728b)  -> (artifact id: 'ed2641ab80f38f60205f872362a57508') in 0.017387 seconds 
  Import took 0.020365 seconds .

========================================================================
Received Import Request.
  Time since last request: 0.000364 seconds.
  path: Assets/Models/Props/Canos.prefab
  artifactKey: Guid(a570142079446514497bf6b61b3e5120) Importer(815301076,1909f56bfc062723c751e8b465ee728b)
Start importing Assets/Models/Props/Canos.prefab using Guid(a570142079446514497bf6b61b3e5120) Importer(815301076,1909f56bfc062723c751e8b465ee728b)  -> (artifact id: '3c3780c75e710ed9af0150ec150e24fc') in 0.013986 seconds 
  Import took 0.016758 seconds .

========================================================================
Received Import Request.
  Time since last request: 133.392857 seconds.
  path: Assets/Models/Props/Canos (3) Variant.prefab
  artifactKey: Guid(221fc01c4ece6ff4ba2141384bd28ea4) Importer(815301076,1909f56bfc062723c751e8b465ee728b)
Start importing Assets/Models/Props/Canos (3) Variant.prefab using Guid(221fc01c4ece6ff4ba2141384bd28ea4) Importer(815301076,1909f56bfc062723c751e8b465ee728b)  -> (artifact id: 'b84fe5aaabf50ce1810a6cdf397e0913') in 0.014363 seconds 
  Import took 0.021132 seconds .

========================================================================
Received Import Request.
  Time since last request: 0.000202 seconds.
  path: Assets/Models/Props/Canos.prefab
  artifactKey: Guid(a570142079446514497bf6b61b3e5120) Importer(815301076,1909f56bfc062723c751e8b465ee728b)
Start importing Assets/Models/Props/Canos.prefab using Guid(a570142079446514497bf6b61b3e5120) Importer(815301076,1909f56bfc062723c751e8b465ee728b)  -> (artifact id: '19d7625e8d82093c6eff7af69431cf68') in 0.013441 seconds 
  Import took 0.025010 seconds .

========================================================================
Received Import Request.
  Time since last request: 0.354889 seconds.
  path: Assets/Models/Props/Canos (3) Variant.prefab
  artifactKey: Guid(221fc01c4ece6ff4ba2141384bd28ea4) Importer(815301076,1909f56bfc062723c751e8b465ee728b)
Start importing Assets/Models/Props/Canos (3) Variant.prefab using Guid(221fc01c4ece6ff4ba2141384bd28ea4) Importer(815301076,1909f56bfc062723c751e8b465ee728b)  -> (artifact id: '5d02fb899288665124ed8186c350618b') in 0.015634 seconds 
  Import took 0.018234 seconds .

========================================================================
Received Import Request.
  Time since last request: 0.000243 seconds.
  path: Assets/Models/Props/Canos.prefab
  artifactKey: Guid(a570142079446514497bf6b61b3e5120) Importer(815301076,1909f56bfc062723c751e8b465ee728b)
Start importing Assets/Models/Props/Canos.prefab using Guid(a570142079446514497bf6b61b3e5120) Importer(815301076,1909f56bfc062723c751e8b465ee728b)  -> (artifact id: '0297d0817b5fbc0ec25ecc510fc2b425') in 0.013690 seconds 
  Import took 0.016173 seconds .

========================================================================
Received Import Request.
  Time since last request: 0.607496 seconds.
  path: Assets/Models/Props/Canos (3) Variant.prefab
  artifactKey: Guid(221fc01c4ece6ff4ba2141384bd28ea4) Importer(815301076,1909f56bfc062723c751e8b465ee728b)
Start importing Assets/Models/Props/Canos (3) Variant.prefab using Guid(221fc01c4ece6ff4ba2141384bd28ea4) Importer(815301076,1909f56bfc062723c751e8b465ee728b)  -> (artifact id: '17b534f380c9fcf59bbff3aa66afa8b1') in 0.017666 seconds 
  Import took 0.030438 seconds .

========================================================================
Received Import Request.
  Time since last request: 0.000217 seconds.
  path: Assets/Models/Props/Canos.prefab
  artifactKey: Guid(a570142079446514497bf6b61b3e5120) Importer(815301076,1909f56bfc062723c751e8b465ee728b)
Start importing Assets/Models/Props/Canos.prefab using Guid(a570142079446514497bf6b61b3e5120) Importer(815301076,1909f56bfc062723c751e8b465ee728b)  -> (artifact id: '84213fbe6b79088532b14dc253fa6d16') in 0.018594 seconds 
  Import took 0.020840 seconds .

========================================================================
Received Import Request.
  Time since last request: 1152.409277 seconds.
  path: Assets/Models/Props/Canos (3).prefab
  artifactKey: Guid(64b2363f39f299142970c87df2368e2b) Importer(815301076,1909f56bfc062723c751e8b465ee728b)
Start importing Assets/Models/Props/Canos (3).prefab using Guid(64b2363f39f299142970c87df2368e2b) Importer(815301076,1909f56bfc062723c751e8b465ee728b)  -> (artifact id: 'd654a25b9aa21a8f1e8eac07d0ec4205') in 0.017422 seconds 
  Import took 0.020593 seconds .

========================================================================
Received Import Request.
  Time since last request: 19.114445 seconds.
  path: Assets/Models/Props/Canos (2).prefab
  artifactKey: Guid(14ab8bb889f0b004eb0569e5ae2b482e) Importer(815301076,1909f56bfc062723c751e8b465ee728b)
Start importing Assets/Models/Props/Canos (2).prefab using Guid(14ab8bb889f0b004eb0569e5ae2b482e) Importer(815301076,1909f56bfc062723c751e8b465ee728b)  -> (artifact id: '2cf1ee2922296e806737ac6ac329396d') in 0.018060 seconds 
  Import took 0.020768 seconds .

========================================================================
Received Import Request.
  Time since last request: 0.003053 seconds.
  path: Assets/Models/Props/Canos (2).prefab
  artifactKey: Guid(14ab8bb889f0b004eb0569e5ae2b482e) Importer(815301076,1909f56bfc062723c751e8b465ee728b)
Start importing Assets/Models/Props/Canos (2).prefab using Guid(14ab8bb889f0b004eb0569e5ae2b482e) Importer(815301076,1909f56bfc062723c751e8b465ee728b)  -> (artifact id: '2cf1ee2922296e806737ac6ac329396d') in 0.015124 seconds 
  Import took 0.017826 seconds .

========================================================================
Received Import Request.
  Time since last request: 495.523134 seconds.
  path: Assets/Prefabs/Scene
  artifactKey: Guid(0dccfd42cf3caf84b9e967b7c0e4aa7b) Importer(815301076,1909f56bfc062723c751e8b465ee728b)
Start importing Assets/Prefabs/Scene using Guid(0dccfd42cf3caf84b9e967b7c0e4aa7b) Importer(815301076,1909f56bfc062723c751e8b465ee728b)  -> (artifact id: 'd349940e6583a240b0e06880869dd668') in 0.006420 seconds 
  Import took 0.023054 seconds .

========================================================================
Received Import Request.
  Time since last request: 54.254595 seconds.
  path: Assets/Prefabs/Scene/Scene.prefab
  artifactKey: Guid(4efad90510f3ef34ea30610efb78d2ad) Importer(815301076,1909f56bfc062723c751e8b465ee728b)
Start importing Assets/Prefabs/Scene/Scene.prefab using Guid(4efad90510f3ef34ea30610efb78d2ad) Importer(815301076,1909f56bfc062723c751e8b465ee728b)  -> (artifact id: '58465b9ea19f8e7ad771a23f50b58fd4') in 0.094029 seconds 
  Import took 0.103160 seconds .

========================================================================
Received Import Request.
  Time since last request: 386.939517 seconds.
  path: Assets/Prefabs/Scene/Scene 1.prefab
  artifactKey: Guid(c4e96ce589c4f38418955f5dec22749b) Importer(815301076,1909f56bfc062723c751e8b465ee728b)
Start importing Assets/Prefabs/Scene/Scene 1.prefab using Guid(c4e96ce589c4f38418955f5dec22749b) Importer(815301076,1909f56bfc062723c751e8b465ee728b)  -> (artifact id: 'be8c3afb4b865d0acd5d790f97846b92') in 0.107516 seconds 
  Import took 0.118343 seconds .

========================================================================
Received Import Request.
  Time since last request: 8.819981 seconds.
  path: Assets/Prefabs/Scene/Scene.prefab
  artifactKey: Guid(4efad90510f3ef34ea30610efb78d2ad) Importer(815301076,1909f56bfc062723c751e8b465ee728b)
Start importing Assets/Prefabs/Scene/Scene.prefab using Guid(4efad90510f3ef34ea30610efb78d2ad) Importer(815301076,1909f56bfc062723c751e8b465ee728b)  -> (artifact id: '299ad6933ec02dbb9036cfefd9cf24fd') in 0.093089 seconds 
  Import took 0.105079 seconds .

AssetImportWorkerClient::OnTransportError - code=2 error=End of file
